<?xml version="1.0" encoding="UTF-8"?>
<!-- Generated by org.testng.reporters.JUnitReportReporter -->
<testsuite skipped="0" hostname="P4ALAP-7172XY6" name="AllureWithSeleniumCucumber.JunitRunner" tests="1" failures="0" timestamp="2021-08-02T09:51:06 IST" time="43.355" errors="0">
  <testcase name="runScenario" time="43.355" classname="AllureWithSeleniumCucumber.JunitRunner"/>
  <system-out/>
</testsuite> <!-- AllureWithSeleniumCucumber.JunitRunner -->
