<?xml version="1.0" encoding="UTF-8"?>
<!-- Generated by org.testng.reporters.JUnitReportReporter -->
<testsuite hostname="P4ALAP-7172XY6" failures="0" tests="3" name="CucumberwithTestNGRunner.TestngRunner" time="92.378" errors="0" timestamp="17 Jan 2022 13:46:33 GMT" skipped="0">
  <testcase classname="CucumberwithTestNGRunner.TestngRunner" name="runScenario" time="28.457"/>
  <testcase classname="CucumberwithTestNGRunner.TestngRunner" name="runScenario" time="24.446"/>
  <testcase classname="CucumberwithTestNGRunner.TestngRunner" name="runScenario" time="39.475"/>
</testsuite> <!-- CucumberwithTestNGRunner.TestngRunner -->
