<?xml version="1.0" encoding="UTF-8"?>
<!-- Generated by org.testng.reporters.JUnitReportReporter -->
<testsuite skipped="0" hostname="P4ALAP-7172XY6" name="CucumberwithTestNGRunner.TestngRunner" tests="3" failures="0" timestamp="2021-08-02T13:54:03 IST" time="140.931" errors="0">
  <testcase name="runScenario" time="61.547" classname="CucumberwithTestNGRunner.TestngRunner"/>
  <system-out/>
  <testcase name="runScenario" time="28.407" classname="CucumberwithTestNGRunner.TestngRunner"/>
  <system-out/>
  <testcase name="runScenario" time="50.977" classname="CucumberwithTestNGRunner.TestngRunner"/>
  <system-out/>
</testsuite> <!-- CucumberwithTestNGRunner.TestngRunner -->
