<?xml version="1.0" encoding="UTF-8"?>
<!-- Generated by org.testng.reporters.JUnitReportReporter -->
<testsuite skipped="0" hostname="P4ALAP-7172XY6" name="CucumberwithTestNGRunner.TestngRunner" tests="3" failures="0" timestamp="2021-10-25T15:19:29 IST" time="111.835" errors="0">
  <testcase name="runScenario" time="32.347" classname="CucumberwithTestNGRunner.TestngRunner"/>
  <system-out/>
  <testcase name="runScenario" time="45.105" classname="CucumberwithTestNGRunner.TestngRunner"/>
  <system-out/>
  <testcase name="runScenario" time="34.383" classname="CucumberwithTestNGRunner.TestngRunner"/>
  <system-out/>
</testsuite> <!-- CucumberwithTestNGRunner.TestngRunner -->
